Release 14.2 Map P.28xd (nt64)
Xilinx Mapping Report File for Design 'spi_slave_new_wrapper'

Design Information
------------------
Command Line   : map -intstyle pa -w spi_slave_new_wrapper.ngd 
Target Device  : xc3s400
Target Package : tq144
Target Speed   : -4
Mapper Version : spartan3 -- $Revision: 1.55 $
Mapped Date    : Sat Feb 16 10:58:13 2013

Design Summary
--------------
Number of errors:      0
Number of warnings:    1
Logic Utilization:
  Number of Slice Flip Flops:           262 out of   7,168    3%
  Number of 4 input LUTs:               192 out of   7,168    2%
Logic Distribution:
  Number of occupied Slices:            204 out of   3,584    5%
    Number of Slices containing only related logic:     204 out of     204 100%
    Number of Slices containing unrelated logic:          0 out of     204   0%
      *See NOTES below for an explanation of the effects of unrelated logic.
  Total Number of 4 input LUTs:         218 out of   7,168    3%
    Number used as logic:               192
    Number used as a route-thru:         26

  The Slice Logic Distribution report is not meaningful if the design is
  over-mapped for a non-slice resource or if Placement fails.

  Number of bonded IOBs:                 35 out of      97   36%
  Number of RAMB16s:                      8 out of      16   50%
  Number of BUFGMUXs:                     2 out of       8   25%

Average Fanout of Non-Clock Nets:                3.27

Peak Memory Usage:  230 MB
Total REAL time to MAP completion:  4 secs 
Total CPU time to MAP completion:   1 secs 

NOTES:

   Related logic is defined as being logic that shares connectivity - e.g. two
   LUTs are "related" if they share common inputs.  When assembling slices,
   Map gives priority to combine logic that is related.  Doing so results in
   the best timing performance.

   Unrelated logic shares no connectivity.  Map will only begin packing
   unrelated logic into a slice once 99% of the slices are occupied through
   related logic packing.

   Note that once logic distribution reaches the 99% level through related
   logic packing, this does not mean the device is completely utilized.
   Unrelated logic packing will then begin, continuing until all usable LUTs
   and FFs are occupied.  Depending on your timing budget, increased levels of
   unrelated logic packing may adversely affect the overall timing performance
   of your design.

Table of Contents
-----------------
Section 1 - Errors
Section 2 - Warnings
Section 3 - Informational
Section 4 - Removed Logic Summary
Section 5 - Removed Logic
Section 6 - IOB Properties
Section 7 - RPMs
Section 8 - Guide Report
Section 9 - Area Group and Partition Summary
Section 10 - Timing Report
Section 11 - Configuration String Information
Section 12 - Control Set Information
Section 13 - Utilization by Hierarchy

Section 1 - Errors
------------------

Section 2 - Warnings
--------------------
WARNING:MapLib:701 - Signal adc_data[0] connected to top level port adc_data(0)
   has been removed.

Section 3 - Informational
-------------------------
INFO:LIT:243 - Logical network fifefgo/dout[1] has no load.
INFO:LIT:395 - The above info message is repeated 1 more times for the following
   (max. 5 shown):
   fifefgo/dout[0]
   To see the details of these info messages, please use the -detail switch.
INFO:MapLib:562 - No environment variables are currently set.
INFO:LIT:244 - All of the single ended outputs in this design are using slew
   rate limited output drivers. The delay on speed critical single ended outputs
   can be dramatically reduced by designating them as fast outputs.

Section 4 - Removed Logic Summary
---------------------------------
  10 block(s) removed
   5 block(s) optimized away
  18 signal(s) removed

Section 5 - Removed Logic
-------------------------

The trimmed logic report below shows the logic removed from your design due to
sourceless or loadless signals, and VCC or ground connections.  If the removal
of a signal or symbol results in the subsequent removal of an additional signal
or symbol, the message explaining that second removal will be indented.  This
indentation will be repeated as a chain of related logic is removed.

To quickly locate the original cause for the removal of a chain of logic, look
above the place where that logic is listed in the trimming report, then locate
the lines that are least indented (begin at the leftmost edge).

The signal "fifefgo/dout[1]" is sourceless and has been removed.
The signal "fifefgo/dout[0]" is sourceless and has been removed.
The signal
"fifefgo/U0/xst_fifo_generator/gconvfifo.rf/grf.rf/gntv_or_sync_fifo.mem/gbm.gbm
g.gbmga.ngecc.bmg/gnativebmg.native_blk_mem_gen/valid.cstr/ram_doutb0[0]" is
sourceless and has been removed.
 Sourceless block
"fifefgo/U0/xst_fifo_generator/gconvfifo.rf/grf.rf/gntv_or_sync_fifo.mem/gbm.gbm
g.gbmga.ngecc.bmg/gnativebmg.native_blk_mem_gen/valid.cstr/has_mux_b.B/Mmux_dout
_mux_6" (ROM) removed.
  The signal
"fifefgo/U0/xst_fifo_generator/gconvfifo.rf/grf.rf/gntv_or_sync_fifo.mem/gbm.gbm
g.gbmga.ngecc.bmg/gnativebmg.native_blk_mem_gen/valid.cstr/has_mux_b.B/Mmux_dout
_mux_6" is sourceless and has been removed.
   Sourceless block
"fifefgo/U0/xst_fifo_generator/gconvfifo.rf/grf.rf/gntv_or_sync_fifo.mem/gbm.gbm
g.gbmga.ngecc.bmg/gnativebmg.native_blk_mem_gen/valid.cstr/has_mux_b.B/Mmux_dout
_mux_4_f5" (MUX) removed.
    The signal
"fifefgo/U0/xst_fifo_generator/gconvfifo.rf/grf.rf/gntv_or_sync_fifo.mem/gbm.gbm
g.gbmga.ngecc.bmg/gnativebmg.native_blk_mem_gen/valid.cstr/has_mux_b.B/Mmux_dout
_mux_4_f5" is sourceless and has been removed.
     Sourceless block
"fifefgo/U0/xst_fifo_generator/gconvfifo.rf/grf.rf/gntv_or_sync_fifo.mem/gbm.gbm
g.gbmga.ngecc.bmg/gnativebmg.native_blk_mem_gen/valid.cstr/has_mux_b.B/Mmux_dout
_mux_2_f6" (MUX) removed.
The signal
"fifefgo/U0/xst_fifo_generator/gconvfifo.rf/grf.rf/gntv_or_sync_fifo.mem/gbm.gbm
g.gbmga.ngecc.bmg/gnativebmg.native_blk_mem_gen/valid.cstr/ram_doutb2[0]" is
sourceless and has been removed.
 Sourceless block
"fifefgo/U0/xst_fifo_generator/gconvfifo.rf/grf.rf/gntv_or_sync_fifo.mem/gbm.gbm
g.gbmga.ngecc.bmg/gnativebmg.native_blk_mem_gen/valid.cstr/has_mux_b.B/Mmux_dout
_mux_51" (ROM) removed.
  The signal
"fifefgo/U0/xst_fifo_generator/gconvfifo.rf/grf.rf/gntv_or_sync_fifo.mem/gbm.gbm
g.gbmga.ngecc.bmg/gnativebmg.native_blk_mem_gen/valid.cstr/has_mux_b.B/Mmux_dout
_mux_51" is sourceless and has been removed.
The signal
"fifefgo/U0/xst_fifo_generator/gconvfifo.rf/grf.rf/gntv_or_sync_fifo.mem/gbm.gbm
g.gbmga.ngecc.bmg/gnativebmg.native_blk_mem_gen/valid.cstr/ram_doutb6[0]" is
sourceless and has been removed.
 Sourceless block
"fifefgo/U0/xst_fifo_generator/gconvfifo.rf/grf.rf/gntv_or_sync_fifo.mem/gbm.gbm
g.gbmga.ngecc.bmg/gnativebmg.native_blk_mem_gen/valid.cstr/has_mux_b.B/Mmux_dout
_mux_4" (ROM) removed.
  The signal
"fifefgo/U0/xst_fifo_generator/gconvfifo.rf/grf.rf/gntv_or_sync_fifo.mem/gbm.gbm
g.gbmga.ngecc.bmg/gnativebmg.native_blk_mem_gen/valid.cstr/has_mux_b.B/Mmux_dout
_mux_4" is sourceless and has been removed.
   Sourceless block
"fifefgo/U0/xst_fifo_generator/gconvfifo.rf/grf.rf/gntv_or_sync_fifo.mem/gbm.gbm
g.gbmga.ngecc.bmg/gnativebmg.native_blk_mem_gen/valid.cstr/has_mux_b.B/Mmux_dout
_mux_3_f5" (MUX) removed.
    The signal
"fifefgo/U0/xst_fifo_generator/gconvfifo.rf/grf.rf/gntv_or_sync_fifo.mem/gbm.gbm
g.gbmga.ngecc.bmg/gnativebmg.native_blk_mem_gen/valid.cstr/has_mux_b.B/Mmux_dout
_mux_3_f5" is sourceless and has been removed.
The signal
"fifefgo/U0/xst_fifo_generator/gconvfifo.rf/grf.rf/gntv_or_sync_fifo.mem/gbm.gbm
g.gbmga.ngecc.bmg/gnativebmg.native_blk_mem_gen/valid.cstr/ram_doutb7[0]" is
sourceless and has been removed.
The signal
"fifefgo/U0/xst_fifo_generator/gconvfifo.rf/grf.rf/gntv_or_sync_fifo.mem/gbm.gbm
g.gbmga.ngecc.bmg/gnativebmg.native_blk_mem_gen/valid.cstr/ram_doutb4[0]" is
sourceless and has been removed.
 Sourceless block
"fifefgo/U0/xst_fifo_generator/gconvfifo.rf/grf.rf/gntv_or_sync_fifo.mem/gbm.gbm
g.gbmga.ngecc.bmg/gnativebmg.native_blk_mem_gen/valid.cstr/has_mux_b.B/Mmux_dout
_mux_5" (ROM) removed.
  The signal
"fifefgo/U0/xst_fifo_generator/gconvfifo.rf/grf.rf/gntv_or_sync_fifo.mem/gbm.gbm
g.gbmga.ngecc.bmg/gnativebmg.native_blk_mem_gen/valid.cstr/has_mux_b.B/Mmux_dout
_mux_5" is sourceless and has been removed.
The signal
"fifefgo/U0/xst_fifo_generator/gconvfifo.rf/grf.rf/gntv_or_sync_fifo.mem/gbm.gbm
g.gbmga.ngecc.bmg/gnativebmg.native_blk_mem_gen/valid.cstr/ram_doutb5[0]" is
sourceless and has been removed.
The signal
"fifefgo/U0/xst_fifo_generator/gconvfifo.rf/grf.rf/gntv_or_sync_fifo.mem/gbm.gbm
g.gbmga.ngecc.bmg/gnativebmg.native_blk_mem_gen/valid.cstr/ram_doutb1[0]" is
sourceless and has been removed.
The signal
"fifefgo/U0/xst_fifo_generator/gconvfifo.rf/grf.rf/gntv_or_sync_fifo.mem/gbm.gbm
g.gbmga.ngecc.bmg/gnativebmg.native_blk_mem_gen/valid.cstr/ram_doutb3[0]" is
sourceless and has been removed.

The trimmed logic reported below is either:
   1. part of a cycle
   2. part of disabled logic
   3. a side-effect of other trimmed logic

The signal "adc_data[0]" is unused and has been removed.
 Unused block "adc_data[0]" (PAD) removed.
The signal "adc_data_0_IBUF" is unused and has been removed.
 Unused block "adc_data_0_IBUF" (BUF) removed.
Unused block
"fifefgo/U0/xst_fifo_generator/gconvfifo.rf/grf.rf/gntv_or_sync_fifo.mem/gbm.gbm
g.gbmga.ngecc.bmg/gnativebmg.native_blk_mem_gen/valid.cstr/ramloop[0].ram.r/s3_n
oinit.ram/dpram.dp1x1.ram" (RAMB16_S1_S1) removed.

Optimized Block(s):
TYPE 		BLOCK
GND 		XST_GND
VCC 		XST_VCC
GND 		fifefgo/XST_GND
VCC 		fifefgo/XST_VCC
VCC 		spi_slave_core/XST_VCC

To enable printing of redundant blocks removed and signals merged, set the
detailed map report option and rerun map.

Section 6 - IOB Properties
--------------------------

+---------------------------------------------------------------------------------------------------------------------------------------------------------+
| IOB Name                           | Type             | Direction | IO Standard          | Diff  | Drive    | Slew | Reg (s)      | Resistor | IOB      |
|                                    |                  |           |                      | Term  | Strength | Rate |              |          | Delay    |
+---------------------------------------------------------------------------------------------------------------------------------------------------------+
| MISO                               | IOB              | OUTPUT    | LVCMOS25             |       | 12       | SLOW |              |          |          |
| MOSI                               | IOB              | INPUT     | LVCMOS25             |       |          |      |              |          |          |
| SCK                                | IOB              | INPUT     | LVCMOS25             |       |          |      |              |          |          |
| SS                                 | IOB              | INPUT     | LVCMOS25             |       |          |      |              |          |          |
| a[0]                               | IOB              | OUTPUT    | LVCMOS25             |       | 12       | SLOW |              |          |          |
| a[1]                               | IOB              | OUTPUT    | LVCMOS25             |       | 12       | SLOW |              |          |          |
| adc_data[1]                        | IOB              | INPUT     | LVCMOS25             |       |          |      |              |          |          |
| adc_data[2]                        | IOB              | INPUT     | LVCMOS25             |       |          |      |              |          |          |
| adc_data[3]                        | IOB              | INPUT     | LVCMOS25             |       |          |      |              |          |          |
| adc_data[4]                        | IOB              | INPUT     | LVCMOS25             |       |          |      |              |          |          |
| adc_data[5]                        | IOB              | INPUT     | LVCMOS25             |       |          |      |              |          |          |
| adc_data[6]                        | IOB              | INPUT     | LVCMOS25             |       |          |      |              |          |          |
| adc_data[7]                        | IOB              | INPUT     | LVCMOS25             |       |          |      |              |          |          |
| adc_data[8]                        | IOB              | INPUT     | LVCMOS25             |       |          |      |              |          |          |
| adc_data[9]                        | IOB              | INPUT     | LVCMOS25             |       |          |      |              |          |          |
| clk                                | IOB              | INPUT     | LVCMOS25             |       |          |      |              |          |          |
| clk_adc                            | IOB              | OUTPUT    | LVCMOS25             |       | 12       | SLOW |              |          |          |
| d[0]                               | IOB              | OUTPUT    | LVCMOS25             |       | 12       | SLOW |              |          |          |
| d[1]                               | IOB              | OUTPUT    | LVCMOS25             |       | 12       | SLOW |              |          |          |
| d[2]                               | IOB              | OUTPUT    | LVCMOS25             |       | 12       | SLOW |              |          |          |
| d[3]                               | IOB              | OUTPUT    | LVCMOS25             |       | 12       | SLOW |              |          |          |
| d[4]                               | IOB              | OUTPUT    | LVCMOS25             |       | 12       | SLOW |              |          |          |
| d[5]                               | IOB              | OUTPUT    | LVCMOS25             |       | 12       | SLOW |              |          |          |
| d[6]                               | IOB              | OUTPUT    | LVCMOS25             |       | 12       | SLOW |              |          |          |
| led[0]                             | IOB              | OUTPUT    | LVCMOS25             |       | 12       | SLOW |              |          |          |
| led[1]                             | IOB              | OUTPUT    | LVCMOS25             |       | 12       | SLOW |              |          |          |
| led[2]                             | IOB              | OUTPUT    | LVCMOS25             |       | 12       | SLOW |              |          |          |
| led[3]                             | IOB              | OUTPUT    | LVCMOS25             |       | 12       | SLOW |              |          |          |
| led[4]                             | IOB              | OUTPUT    | LVCMOS25             |       | 12       | SLOW |              |          |          |
| led[5]                             | IOB              | OUTPUT    | LVCMOS25             |       | 12       | SLOW |              |          |          |
| led[6]                             | IOB              | OUTPUT    | LVCMOS25             |       | 12       | SLOW |              |          |          |
| led[7]                             | IOB              | OUTPUT    | LVCMOS25             |       | 12       | SLOW |              |          |          |
| reset                              | IOB              | INPUT     | LVCMOS25             |       |          |      |              |          |          |
| s1                                 | IOB              | INPUT     | LVCMOS25             |       |          |      |              |          |          |
| wr                                 | IOB              | OUTPUT    | LVCMOS25             |       | 12       | SLOW |              |          |          |
+---------------------------------------------------------------------------------------------------------------------------------------------------------+

Section 7 - RPMs
----------------

Section 8 - Guide Report
------------------------
Guide not run on this design.

Section 9 - Area Group and Partition Summary
--------------------------------------------

Partition Implementation Status
-------------------------------

  No Partitions were found in this design.

-------------------------------

Area Group Information
----------------------

  No area groups were found in this design.

----------------------

Section 10 - Timing Report
--------------------------
This design was not run using timing mode.

Section 11 - Configuration String Details
-----------------------------------------
Use the "-detail" map option to print out Configuration Strings

Section 12 - Control Set Information
------------------------------------
No control set information for this architecture.

Section 13 - Utilization by Hierarchy
-------------------------------------
Use the "-detail" map option to print out the Utilization by Hierarchy section.
