--------------------------------------------------------------------------------
Release 14.2 Trace  (nt64)
Copyright (c) 1995-2012 Xilinx, Inc.  All rights reserved.

C:\Xilinx\14.2\ISE_DS\ISE\bin\nt64\unwrapped\trce.exe -intstyle ise -o
spi_slave_new_wrapper.twr -v 30 -l 30 spi_slave_new_wrapper_routed.ncd
spi_slave_new_wrapper.pcf

Design file:              spi_slave_new_wrapper_routed.ncd
Physical constraint file: spi_slave_new_wrapper.pcf
Device,package,speed:     xc3s400,tq144,-4 (PRODUCTION 1.39 2012-07-09)
Report level:             verbose report, limited to 30 items per constraint

Environment Variable      Effect 
--------------------      ------ 
NONE                      No environment variables were set
--------------------------------------------------------------------------------

INFO:Timing:2698 - No timing constraints found, doing default enumeration.
INFO:Timing:3412 - To improve timing, see the Timing Closure User Guide (UG612).
INFO:Timing:2752 - To get complete path coverage, use the unconstrained paths 
   option. All paths that are not constrained will be reported in the 
   unconstrained paths section(s) of the report.
INFO:Timing:3339 - The clock-to-out numbers in this timing report are based on 
   a 50 Ohm transmission line loading model.  For the details of this model, 
   and for more information on accounting for different loading conditions, 
   please see the device datasheet.
INFO:Timing:3390 - This architecture does not support a default System Jitter 
   value, please add SYSTEM_JITTER constraint to the UCF to modify the Clock 
   Uncertainty calculation.
INFO:Timing:3389 - This architecture does not support 'Discrete Jitter' and 
   'Phase Error' calculations, these terms will be zero in the Clock 
   Uncertainty calculation.  Please make appropriate modification to 
   SYSTEM_JITTER to account for the unsupported Discrete Jitter and Phase 
   Error.



Data Sheet report:
-----------------
All values displayed in nanoseconds (ns)

Setup/Hold to clock SCK
------------+------------+------------+------------------+--------+
            |Max Setup to|Max Hold to |                  | Clock  |
Source      | clk (edge) | clk (edge) |Internal Clock(s) | Phase  |
------------+------------+------------+------------------+--------+
MOSI        |    2.733(F)|    0.137(F)|SCK_BUFGP         |   0.000|
SS          |    4.274(R)|   -1.486(R)|SCK_BUFGP         |   0.000|
            |    4.814(F)|   -1.309(F)|SCK_BUFGP         |   0.000|
------------+------------+------------+------------------+--------+

Setup/Hold to clock clk
------------+------------+------------+------------------+--------+
            |Max Setup to|Max Hold to |                  | Clock  |
Source      | clk (edge) | clk (edge) |Internal Clock(s) | Phase  |
------------+------------+------------+------------------+--------+
adc_data[1] |    5.797(R)|    0.491(R)|clk_adc_OBUF      |   0.000|
adc_data[2] |    3.902(R)|    0.744(R)|clk_adc_OBUF      |   0.000|
adc_data[3] |    4.402(R)|    0.500(R)|clk_adc_OBUF      |   0.000|
adc_data[4] |    4.543(R)|    0.547(R)|clk_adc_OBUF      |   0.000|
adc_data[5] |    5.695(R)|    0.822(R)|clk_adc_OBUF      |   0.000|
adc_data[6] |    4.552(R)|    0.749(R)|clk_adc_OBUF      |   0.000|
adc_data[7] |    4.364(R)|    0.576(R)|clk_adc_OBUF      |   0.000|
adc_data[8] |    6.022(R)|   -0.241(R)|clk_adc_OBUF      |   0.000|
adc_data[9] |    3.752(R)|    0.562(R)|clk_adc_OBUF      |   0.000|
------------+------------+------------+------------------+--------+

Clock SCK to Pad
------------+------------+------------------+--------+
            | clk (edge) |                  | Clock  |
Destination |   to PAD   |Internal Clock(s) | Phase  |
------------+------------+------------------+--------+
MISO        |   12.426(R)|SCK_BUFGP         |   0.000|
a[0]        |   10.439(F)|SCK_BUFGP         |   0.000|
a[1]        |   11.682(F)|SCK_BUFGP         |   0.000|
d[0]        |   13.589(F)|SCK_BUFGP         |   0.000|
d[1]        |   14.043(F)|SCK_BUFGP         |   0.000|
d[2]        |   13.654(F)|SCK_BUFGP         |   0.000|
d[3]        |   13.910(F)|SCK_BUFGP         |   0.000|
d[4]        |   13.580(F)|SCK_BUFGP         |   0.000|
d[5]        |   13.920(F)|SCK_BUFGP         |   0.000|
d[6]        |   13.773(F)|SCK_BUFGP         |   0.000|
led[0]      |   12.066(R)|SCK_BUFGP         |   0.000|
led[1]      |   12.035(R)|SCK_BUFGP         |   0.000|
led[2]      |   11.666(R)|SCK_BUFGP         |   0.000|
led[3]      |   10.922(R)|SCK_BUFGP         |   0.000|
led[4]      |   11.072(R)|SCK_BUFGP         |   0.000|
led[5]      |   10.690(R)|SCK_BUFGP         |   0.000|
led[6]      |   11.360(R)|SCK_BUFGP         |   0.000|
led[7]      |   11.660(R)|SCK_BUFGP         |   0.000|
wr          |   11.858(F)|SCK_BUFGP         |   0.000|
------------+------------+------------------+--------+

Clock to Setup on destination clock SCK
---------------+---------+---------+---------+---------+
               | Src:Rise| Src:Fall| Src:Rise| Src:Fall|
Source Clock   |Dest:Rise|Dest:Rise|Dest:Fall|Dest:Fall|
---------------+---------+---------+---------+---------+
SCK            |    7.078|         |         |    5.461|
clk            |    2.628|         |         |         |
---------------+---------+---------+---------+---------+

Clock to Setup on destination clock clk
---------------+---------+---------+---------+---------+
               | Src:Rise| Src:Fall| Src:Rise| Src:Fall|
Source Clock   |Dest:Rise|Dest:Rise|Dest:Fall|Dest:Fall|
---------------+---------+---------+---------+---------+
SCK            |    3.027|         |         |         |
clk            |    7.141|         |         |         |
---------------+---------+---------+---------+---------+

Pad to Pad
---------------+---------------+---------+
Source Pad     |Destination Pad|  Delay  |
---------------+---------------+---------+
clk            |clk_adc        |   11.218|
---------------+---------------+---------+


Analysis completed Sat Feb 16 09:41:39 2013 
--------------------------------------------------------------------------------

Trace Settings:
-------------------------
Trace Settings 

Peak Memory Usage: 151 MB



